c:\users\권동훈\source\repos\ai_practice\x64\debug\koreanchess.pch
c:\users\권동훈\source\repos\ai_practice\x64\debug\vc143.pdb
c:\users\권동훈\source\repos\ai_practice\x64\debug\vc143.idb
c:\users\권동훈\source\repos\ai_practice\x64\debug\stdafx.obj
c:\users\권동훈\source\repos\ai_practice\x64\debug\t3dlg.obj
c:\users\권동훈\source\repos\ai_practice\x64\debug\t3.obj
c:\users\권동훈\source\repos\ai_practice\x64\debug\janggiai.obj
c:\users\권동훈\source\repos\ai_practice\x64\debug\koreanchess.ilk
c:\users\권동훈\source\repos\ai_practice\x64\debug\koreanchess.exe
c:\users\권동훈\source\repos\ai_practice\x64\debug\koreanchess.pdb
c:\users\권동훈\source\repos\ai_practice\x64\debug\t3.res
c:\users\권동훈\source\repos\ai_practice\x64\debug\koreanchess.tlog\cl.command.1.tlog
c:\users\권동훈\source\repos\ai_practice\x64\debug\koreanchess.tlog\cl.read.1.tlog
c:\users\권동훈\source\repos\ai_practice\x64\debug\koreanchess.tlog\cl.write.1.tlog
c:\users\권동훈\source\repos\ai_practice\x64\debug\koreanchess.tlog\link.command.1.tlog
c:\users\권동훈\source\repos\ai_practice\x64\debug\koreanchess.tlog\link.read.1.tlog
c:\users\권동훈\source\repos\ai_practice\x64\debug\koreanchess.tlog\link.write.1.tlog
c:\users\권동훈\source\repos\ai_practice\x64\debug\koreanchess.tlog\rc.command.1.tlog
c:\users\권동훈\source\repos\ai_practice\x64\debug\koreanchess.tlog\rc.read.1.tlog
c:\users\권동훈\source\repos\ai_practice\x64\debug\koreanchess.tlog\rc.write.1.tlog
